/*C282*/SET SCHEMA PUBLIC
INSERT INTO MORCEAU VALUES(451,NULL,NULL,NULL,'Ballade No. 1 in G minor, Op. 23',NULL,NULL)
INSERT INTO UTILISATEUR VALUES(452,'null','test')
INSERT INTO COMMENTAIRE VALUES(450,'J''adore','2022-01-06 15:18:18.726000',451,452)
ALTER SEQUENCE PUBLIC.HIBERNATE_SEQUENCE RESTART WITH 453
COMMIT
DELETE FROM COMMENTAIRE WHERE ID=450
INSERT INTO COMMENTAIRE VALUES(450,'J''adore','2022-01-06 15:18:18.726000',421,452)
COMMIT
DELETE FROM MORCEAU WHERE ID=451
COMMIT
/*C284*/SET SCHEMA PUBLIC
DISCONNECT
/*C289*/SET SCHEMA PUBLIC
DISCONNECT
/*C287*/SET SCHEMA PUBLIC
DISCONNECT
/*C283*/SET SCHEMA PUBLIC
DISCONNECT
/*C282*/DISCONNECT
/*C281*/SET SCHEMA PUBLIC
DISCONNECT
/*C285*/SET SCHEMA PUBLIC
DISCONNECT
/*C286*/SET SCHEMA PUBLIC
DISCONNECT
/*C288*/SET SCHEMA PUBLIC
DISCONNECT
/*C290*/SET SCHEMA PUBLIC
DISCONNECT
/*C291*/SET SCHEMA PUBLIC
INSERT INTO MORCEAU VALUES(454,NULL,NULL,NULL,'Ballade No. 1 in G minor, Op. 23',NULL,NULL)
INSERT INTO UTILISATEUR VALUES(455,NULL,'Khalil')
INSERT INTO COMMENTAIRE VALUES(453,'Test date.','2022-01-06 15:44:21.384000',454,455)
ALTER SEQUENCE PUBLIC.HIBERNATE_SEQUENCE RESTART WITH 456
COMMIT
DELETE FROM COMMENTAIRE WHERE ID=453
INSERT INTO COMMENTAIRE VALUES(453,'Test date.','2022-01-06 15:44:21.384000',454,435)
COMMIT
DELETE FROM UTILISATEUR WHERE ID=455
COMMIT
DELETE FROM COMMENTAIRE WHERE ID=453
INSERT INTO COMMENTAIRE VALUES(453,'Test date.','2022-01-06 15:44:21.384000',421,435)
COMMIT
DELETE FROM MORCEAU WHERE ID=454
COMMIT
DISCONNECT
/*C292*/SET SCHEMA PUBLIC
DISCONNECT
/*C293*/SET SCHEMA PUBLIC
DISCONNECT
/*C294*/SET SCHEMA PUBLIC
DISCONNECT
/*C295*/SET SCHEMA PUBLIC
DISCONNECT
/*C296*/SET SCHEMA PUBLIC
DISCONNECT
/*C297*/SET SCHEMA PUBLIC
DISCONNECT
/*C298*/SET SCHEMA PUBLIC
DISCONNECT
/*C299*/SET SCHEMA PUBLIC
DISCONNECT
/*C300*/SET SCHEMA PUBLIC
DISCONNECT
/*C301*/SET SCHEMA PUBLIC
DISCONNECT
/*C302*/SET SCHEMA PUBLIC
DISCONNECT
/*C303*/SET SCHEMA PUBLIC
DISCONNECT
/*C304*/SET SCHEMA PUBLIC
DISCONNECT
/*C305*/SET SCHEMA PUBLIC
DISCONNECT
/*C306*/SET SCHEMA PUBLIC
DISCONNECT
/*C307*/SET SCHEMA PUBLIC
DISCONNECT
/*C308*/SET SCHEMA PUBLIC
DISCONNECT
/*C309*/SET SCHEMA PUBLIC
DISCONNECT
/*C310*/SET SCHEMA PUBLIC
DISCONNECT
/*C311*/SET SCHEMA PUBLIC
alter table commentaire add column date1 timestamp
DISCONNECT
/*C312*/SET SCHEMA PUBLIC
DISCONNECT
/*C313*/SET SCHEMA PUBLIC
DISCONNECT
/*C314*/SET SCHEMA PUBLIC
DISCONNECT
/*C315*/SET SCHEMA PUBLIC
DISCONNECT
/*C316*/SET SCHEMA PUBLIC
DISCONNECT
/*C317*/SET SCHEMA PUBLIC
DISCONNECT
/*C318*/SET SCHEMA PUBLIC
DISCONNECT
/*C319*/SET SCHEMA PUBLIC
DISCONNECT
/*C320*/SET SCHEMA PUBLIC
DISCONNECT
/*C322*/SET SCHEMA PUBLIC
INSERT INTO MORCEAU VALUES(457,NULL,NULL,NULL,'Ballade No. 1 in G minor, Op. 23',NULL,NULL)
INSERT INTO UTILISATEUR VALUES(458,NULL,'Khalil')
INSERT INTO COMMENTAIRE VALUES(456,'Test date.','2022-01-06 00:00:00.000000',457,458,NULL)
ALTER SEQUENCE PUBLIC.HIBERNATE_SEQUENCE RESTART WITH 459
COMMIT
DELETE FROM COMMENTAIRE WHERE ID=456
INSERT INTO COMMENTAIRE VALUES(456,'Test date.','2022-01-06 00:00:00.000000',457,435,NULL)
COMMIT
DELETE FROM UTILISATEUR WHERE ID=458
COMMIT
DELETE FROM COMMENTAIRE WHERE ID=456
INSERT INTO COMMENTAIRE VALUES(456,'Test date.','2022-01-06 00:00:00.000000',421,435,NULL)
COMMIT
DELETE FROM MORCEAU WHERE ID=457
COMMIT
DISCONNECT
/*C323*/SET SCHEMA PUBLIC
DISCONNECT
/*C324*/SET SCHEMA PUBLIC
DISCONNECT
/*C325*/SET SCHEMA PUBLIC
DISCONNECT
/*C326*/SET SCHEMA PUBLIC
DISCONNECT
/*C327*/SET SCHEMA PUBLIC
DISCONNECT
/*C328*/SET SCHEMA PUBLIC
DISCONNECT
/*C329*/SET SCHEMA PUBLIC
DISCONNECT
/*C330*/SET SCHEMA PUBLIC
DISCONNECT
/*C331*/SET SCHEMA PUBLIC
DISCONNECT
